2024-02-14T12:37:17.975 application=explorer [info] tx/per day chart: collect records for txs per day stats
2024-02-14T12:37:17.975 application=explorer [info] tx/per day chart: earliest date 2024-02-05 00:00:00Z
2024-02-14T12:37:17.975 application=explorer [info] tx/per day chart: latest date 2024-02-05 23:59:59Z
2024-02-14T12:37:18.190 application=explorer [info] tx/per day chart: timestamp cannot be converted to min/max blocks, trying to find min/max blocks through a fallback option}
2024-02-14T12:37:18.196 application=explorer [warn] tx/per day chart: failed to get min/max blocks through a fallback option}
2024-02-14T12:37:18.196 application=explorer [info] tx/per day chart: collect records for txs per day stats
2024-02-14T12:37:18.196 application=explorer [info] tx/per day chart: earliest date 2024-02-06 00:00:00Z
2024-02-14T12:37:18.196 application=explorer [info] tx/per day chart: latest date 2024-02-06 23:59:59Z
2024-02-14T12:37:18.204 application=explorer [info] tx/per day chart: timestamp cannot be converted to min/max blocks, trying to find min/max blocks through a fallback option}
2024-02-14T12:37:18.210 application=explorer [warn] tx/per day chart: failed to get min/max blocks through a fallback option}
2024-02-14T12:37:18.210 application=explorer [info] tx/per day chart: collect records for txs per day stats
2024-02-14T12:37:18.210 application=explorer [info] tx/per day chart: earliest date 2024-02-07 00:00:00Z
2024-02-14T12:37:18.210 application=explorer [info] tx/per day chart: latest date 2024-02-07 23:59:59Z
2024-02-14T12:37:18.226 application=explorer [info] tx/per day chart: timestamp cannot be converted to min/max blocks, trying to find min/max blocks through a fallback option}
2024-02-14T12:37:18.235 application=explorer [warn] tx/per day chart: failed to get min/max blocks through a fallback option}
2024-02-14T12:37:18.235 application=explorer [info] tx/per day chart: collect records for txs per day stats
2024-02-14T12:37:18.235 application=explorer [info] tx/per day chart: earliest date 2024-02-08 00:00:00Z
2024-02-14T12:37:18.236 application=explorer [info] tx/per day chart: latest date 2024-02-08 23:59:59Z
2024-02-14T12:37:18.249 application=explorer [info] tx/per day chart: timestamp cannot be converted to min/max blocks, trying to find min/max blocks through a fallback option}
2024-02-14T12:37:18.254 application=explorer [warn] tx/per day chart: failed to get min/max blocks through a fallback option}
2024-02-14T12:37:18.254 application=explorer [info] tx/per day chart: collect records for txs per day stats
2024-02-14T12:37:18.254 application=explorer [info] tx/per day chart: earliest date 2024-02-09 00:00:00Z
2024-02-14T12:37:18.254 application=explorer [info] tx/per day chart: latest date 2024-02-09 23:59:59Z
2024-02-14T12:37:18.264 application=explorer [info] tx/per day chart: timestamp cannot be converted to min/max blocks, trying to find min/max blocks through a fallback option}
2024-02-14T12:37:18.272 application=explorer [warn] tx/per day chart: failed to get min/max blocks through a fallback option}
2024-02-14T12:37:18.272 application=explorer [info] tx/per day chart: collect records for txs per day stats
2024-02-14T12:37:18.272 application=explorer [info] tx/per day chart: earliest date 2024-02-10 00:00:00Z
2024-02-14T12:37:18.272 application=explorer [info] tx/per day chart: latest date 2024-02-10 23:59:59Z
2024-02-14T12:37:18.282 application=explorer [info] tx/per day chart: timestamp cannot be converted to min/max blocks, trying to find min/max blocks through a fallback option}
2024-02-14T12:37:18.292 application=explorer [warn] tx/per day chart: failed to get min/max blocks through a fallback option}
2024-02-14T12:37:18.293 application=explorer [info] tx/per day chart: collect records for txs per day stats
2024-02-14T12:37:18.293 application=explorer [info] tx/per day chart: earliest date 2024-02-11 00:00:00Z
2024-02-14T12:37:18.293 application=explorer [info] tx/per day chart: latest date 2024-02-11 23:59:59Z
2024-02-14T12:37:18.304 application=explorer [info] tx/per day chart: timestamp cannot be converted to min/max blocks, trying to find min/max blocks through a fallback option}
2024-02-14T12:37:18.309 application=explorer [warn] tx/per day chart: failed to get min/max blocks through a fallback option}
2024-02-14T12:37:18.309 application=explorer [info] tx/per day chart: collect records for txs per day stats
2024-02-14T12:37:18.309 application=explorer [info] tx/per day chart: earliest date 2024-02-12 00:00:00Z
2024-02-14T12:37:18.309 application=explorer [info] tx/per day chart: latest date 2024-02-12 23:59:59Z
2024-02-14T12:37:18.319 application=explorer [info] tx/per day chart: timestamp cannot be converted to min/max blocks, trying to find min/max blocks through a fallback option}
2024-02-14T12:37:18.329 application=explorer [warn] tx/per day chart: failed to get min/max blocks through a fallback option}
2024-02-14T12:37:18.329 application=explorer [info] tx/per day chart: collect records for txs per day stats
2024-02-14T12:37:18.329 application=explorer [info] tx/per day chart: earliest date 2024-02-13 00:00:00Z
2024-02-14T12:37:18.329 application=explorer [info] tx/per day chart: latest date 2024-02-13 23:59:59Z
2024-02-14T12:37:18.338 application=explorer [info] tx/per day chart: timestamp cannot be converted to min/max blocks, trying to find min/max blocks through a fallback option}
2024-02-14T12:37:18.344 application=explorer [warn] tx/per day chart: failed to get min/max blocks through a fallback option}
2024-02-14T12:37:18.344 application=explorer [info] tx/per day chart: collect records for txs per day stats
2024-02-14T12:37:18.344 application=explorer [info] tx/per day chart: records collected [%{date: ~D[2024-02-13], gas_used: 0, number_of_transactions: 0, total_fee: 0}, %{date: ~D[2024-02-12], gas_used: 0, number_of_transactions: 0, total_fee: 0}, %{date: ~D[2024-02-11], gas_used: 0, number_of_transactions: 0, total_fee: 0}, %{date: ~D[2024-02-10], gas_used: 0, number_of_transactions: 0, total_fee: 0}, %{date: ~D[2024-02-09], gas_used: 0, number_of_transactions: 0, total_fee: 0}, %{date: ~D[2024-02-08], gas_used: 0, number_of_transactions: 0, total_fee: 0}, %{date: ~D[2024-02-07], gas_used: 0, number_of_transactions: 0, total_fee: 0}, %{date: ~D[2024-02-06], gas_used: 0, number_of_transactions: 0, total_fee: 0}, %{date: ~D[2024-02-05], gas_used: 0, number_of_transactions: 0, total_fee: 0}]
2024-02-14T12:37:18.344 application=explorer [info] tx/per day chart: save records
2024-02-14T12:37:18.351 application=explorer [info] tx/per day chart: number of inserted 10
2024-02-14T12:42:14.075 application=explorer [info] tx/per day chart: collect records for txs per day stats
2024-02-14T12:42:14.075 application=explorer [info] tx/per day chart: earliest date 2024-02-05 00:00:00Z
2024-02-14T12:42:14.075 application=explorer [info] tx/per day chart: latest date 2024-02-05 23:59:59Z
2024-02-14T12:42:14.449 application=explorer [info] tx/per day chart: timestamp cannot be converted to min/max blocks, trying to find min/max blocks through a fallback option}
2024-02-14T12:42:14.455 application=explorer [warn] tx/per day chart: failed to get min/max blocks through a fallback option}
2024-02-14T12:42:14.455 application=explorer [info] tx/per day chart: collect records for txs per day stats
2024-02-14T12:42:14.455 application=explorer [info] tx/per day chart: earliest date 2024-02-06 00:00:00Z
2024-02-14T12:42:14.455 application=explorer [info] tx/per day chart: latest date 2024-02-06 23:59:59Z
2024-02-14T12:42:14.464 application=explorer [info] tx/per day chart: timestamp cannot be converted to min/max blocks, trying to find min/max blocks through a fallback option}
2024-02-14T12:42:14.470 application=explorer [warn] tx/per day chart: failed to get min/max blocks through a fallback option}
2024-02-14T12:42:14.470 application=explorer [info] tx/per day chart: collect records for txs per day stats
2024-02-14T12:42:14.470 application=explorer [info] tx/per day chart: earliest date 2024-02-07 00:00:00Z
2024-02-14T12:42:14.470 application=explorer [info] tx/per day chart: latest date 2024-02-07 23:59:59Z
2024-02-14T12:42:14.479 application=explorer [info] tx/per day chart: timestamp cannot be converted to min/max blocks, trying to find min/max blocks through a fallback option}
2024-02-14T12:42:14.485 application=explorer [warn] tx/per day chart: failed to get min/max blocks through a fallback option}
2024-02-14T12:42:14.485 application=explorer [info] tx/per day chart: collect records for txs per day stats
2024-02-14T12:42:14.486 application=explorer [info] tx/per day chart: earliest date 2024-02-08 00:00:00Z
2024-02-14T12:42:14.486 application=explorer [info] tx/per day chart: latest date 2024-02-08 23:59:59Z
2024-02-14T12:42:14.497 application=explorer [info] tx/per day chart: timestamp cannot be converted to min/max blocks, trying to find min/max blocks through a fallback option}
2024-02-14T12:42:14.504 application=explorer [warn] tx/per day chart: failed to get min/max blocks through a fallback option}
2024-02-14T12:42:14.504 application=explorer [info] tx/per day chart: collect records for txs per day stats
2024-02-14T12:42:14.504 application=explorer [info] tx/per day chart: earliest date 2024-02-09 00:00:00Z
2024-02-14T12:42:14.504 application=explorer [info] tx/per day chart: latest date 2024-02-09 23:59:59Z
2024-02-14T12:42:14.527 application=explorer [info] tx/per day chart: timestamp cannot be converted to min/max blocks, trying to find min/max blocks through a fallback option}
2024-02-14T12:42:14.540 application=explorer [warn] tx/per day chart: failed to get min/max blocks through a fallback option}
2024-02-14T12:42:14.540 application=explorer [info] tx/per day chart: collect records for txs per day stats
2024-02-14T12:42:14.540 application=explorer [info] tx/per day chart: earliest date 2024-02-10 00:00:00Z
2024-02-14T12:42:14.540 application=explorer [info] tx/per day chart: latest date 2024-02-10 23:59:59Z
2024-02-14T12:42:14.554 application=explorer [info] tx/per day chart: timestamp cannot be converted to min/max blocks, trying to find min/max blocks through a fallback option}
2024-02-14T12:42:14.572 application=explorer [warn] tx/per day chart: failed to get min/max blocks through a fallback option}
2024-02-14T12:42:14.572 application=explorer [info] tx/per day chart: collect records for txs per day stats
2024-02-14T12:42:14.572 application=explorer [info] tx/per day chart: earliest date 2024-02-11 00:00:00Z
2024-02-14T12:42:14.572 application=explorer [info] tx/per day chart: latest date 2024-02-11 23:59:59Z
2024-02-14T12:42:14.583 application=explorer [info] tx/per day chart: timestamp cannot be converted to min/max blocks, trying to find min/max blocks through a fallback option}
2024-02-14T12:42:14.590 application=explorer [warn] tx/per day chart: failed to get min/max blocks through a fallback option}
2024-02-14T12:42:14.590 application=explorer [info] tx/per day chart: collect records for txs per day stats
2024-02-14T12:42:14.591 application=explorer [info] tx/per day chart: earliest date 2024-02-12 00:00:00Z
2024-02-14T12:42:14.591 application=explorer [info] tx/per day chart: latest date 2024-02-12 23:59:59Z
2024-02-14T12:42:14.626 application=explorer [info] tx/per day chart: timestamp cannot be converted to min/max blocks, trying to find min/max blocks through a fallback option}
2024-02-14T12:42:14.637 application=explorer [warn] tx/per day chart: failed to get min/max blocks through a fallback option}
2024-02-14T12:42:14.637 application=explorer [info] tx/per day chart: collect records for txs per day stats
2024-02-14T12:42:14.637 application=explorer [info] tx/per day chart: earliest date 2024-02-13 00:00:00Z
2024-02-14T12:42:14.637 application=explorer [info] tx/per day chart: latest date 2024-02-13 23:59:59Z
2024-02-14T12:42:14.648 application=explorer [info] tx/per day chart: timestamp cannot be converted to min/max blocks, trying to find min/max blocks through a fallback option}
2024-02-14T12:42:14.671 application=explorer [info] tx/per day chart: min/max block numbers [12203, 16054]
2024-02-14T12:42:14.681 application=explorer [info] tx/per day chart: num of transactions 0
2024-02-14T12:42:14.697 application=explorer [info] tx/per day chart: total gas used 
2024-02-14T12:42:14.724 application=explorer [info] tx/per day chart: total fee 
2024-02-14T12:42:14.724 application=explorer [info] tx/per day chart: collect records for txs per day stats
2024-02-14T12:42:14.724 application=explorer [info] tx/per day chart: records collected [%{date: ~D[2024-02-13], gas_used: nil, number_of_transactions: 0, total_fee: nil}, %{date: ~D[2024-02-12], gas_used: 0, number_of_transactions: 0, total_fee: 0}, %{date: ~D[2024-02-11], gas_used: 0, number_of_transactions: 0, total_fee: 0}, %{date: ~D[2024-02-10], gas_used: 0, number_of_transactions: 0, total_fee: 0}, %{date: ~D[2024-02-09], gas_used: 0, number_of_transactions: 0, total_fee: 0}, %{date: ~D[2024-02-08], gas_used: 0, number_of_transactions: 0, total_fee: 0}, %{date: ~D[2024-02-07], gas_used: 0, number_of_transactions: 0, total_fee: 0}, %{date: ~D[2024-02-06], gas_used: 0, number_of_transactions: 0, total_fee: 0}, %{date: ~D[2024-02-05], gas_used: 0, number_of_transactions: 0, total_fee: 0}]
2024-02-14T12:42:14.724 application=explorer [info] tx/per day chart: save records
2024-02-14T12:42:14.739 application=explorer [info] tx/per day chart: number of inserted 10
2024-02-14T12:46:43.550 application=explorer [info] tx/per day chart: collect records for txs per day stats
2024-02-14T12:46:43.550 application=explorer [info] tx/per day chart: earliest date 2024-02-05 00:00:00Z
2024-02-14T12:46:43.550 application=explorer [info] tx/per day chart: latest date 2024-02-05 23:59:59Z
2024-02-14T12:46:43.876 application=explorer [info] tx/per day chart: timestamp cannot be converted to min/max blocks, trying to find min/max blocks through a fallback option}
2024-02-14T12:46:43.883 application=explorer [warn] tx/per day chart: failed to get min/max blocks through a fallback option}
2024-02-14T12:46:43.883 application=explorer [info] tx/per day chart: collect records for txs per day stats
2024-02-14T12:46:43.883 application=explorer [info] tx/per day chart: earliest date 2024-02-06 00:00:00Z
2024-02-14T12:46:43.883 application=explorer [info] tx/per day chart: latest date 2024-02-06 23:59:59Z
2024-02-14T12:46:43.892 application=explorer [info] tx/per day chart: timestamp cannot be converted to min/max blocks, trying to find min/max blocks through a fallback option}
2024-02-14T12:46:43.900 application=explorer [warn] tx/per day chart: failed to get min/max blocks through a fallback option}
2024-02-14T12:46:43.900 application=explorer [info] tx/per day chart: collect records for txs per day stats
2024-02-14T12:46:43.900 application=explorer [info] tx/per day chart: earliest date 2024-02-07 00:00:00Z
2024-02-14T12:46:43.900 application=explorer [info] tx/per day chart: latest date 2024-02-07 23:59:59Z
2024-02-14T12:46:43.909 application=explorer [info] tx/per day chart: timestamp cannot be converted to min/max blocks, trying to find min/max blocks through a fallback option}
2024-02-14T12:46:43.916 application=explorer [warn] tx/per day chart: failed to get min/max blocks through a fallback option}
2024-02-14T12:46:43.916 application=explorer [info] tx/per day chart: collect records for txs per day stats
2024-02-14T12:46:43.916 application=explorer [info] tx/per day chart: earliest date 2024-02-08 00:00:00Z
2024-02-14T12:46:43.916 application=explorer [info] tx/per day chart: latest date 2024-02-08 23:59:59Z
2024-02-14T12:46:43.929 application=explorer [info] tx/per day chart: timestamp cannot be converted to min/max blocks, trying to find min/max blocks through a fallback option}
2024-02-14T12:46:43.934 application=explorer [warn] tx/per day chart: failed to get min/max blocks through a fallback option}
2024-02-14T12:46:43.934 application=explorer [info] tx/per day chart: collect records for txs per day stats
2024-02-14T12:46:43.934 application=explorer [info] tx/per day chart: earliest date 2024-02-09 00:00:00Z
2024-02-14T12:46:43.934 application=explorer [info] tx/per day chart: latest date 2024-02-09 23:59:59Z
2024-02-14T12:46:43.946 application=explorer [info] tx/per day chart: timestamp cannot be converted to min/max blocks, trying to find min/max blocks through a fallback option}
2024-02-14T12:46:43.956 application=explorer [warn] tx/per day chart: failed to get min/max blocks through a fallback option}
2024-02-14T12:46:43.956 application=explorer [info] tx/per day chart: collect records for txs per day stats
2024-02-14T12:46:43.956 application=explorer [info] tx/per day chart: earliest date 2024-02-10 00:00:00Z
2024-02-14T12:46:43.956 application=explorer [info] tx/per day chart: latest date 2024-02-10 23:59:59Z
2024-02-14T12:46:43.973 application=explorer [info] tx/per day chart: timestamp cannot be converted to min/max blocks, trying to find min/max blocks through a fallback option}
2024-02-14T12:46:43.978 application=explorer [warn] tx/per day chart: failed to get min/max blocks through a fallback option}
2024-02-14T12:46:43.978 application=explorer [info] tx/per day chart: collect records for txs per day stats
2024-02-14T12:46:43.979 application=explorer [info] tx/per day chart: earliest date 2024-02-11 00:00:00Z
2024-02-14T12:46:43.979 application=explorer [info] tx/per day chart: latest date 2024-02-11 23:59:59Z
2024-02-14T12:46:43.988 application=explorer [info] tx/per day chart: timestamp cannot be converted to min/max blocks, trying to find min/max blocks through a fallback option}
2024-02-14T12:46:43.999 application=explorer [warn] tx/per day chart: failed to get min/max blocks through a fallback option}
2024-02-14T12:46:43.999 application=explorer [info] tx/per day chart: collect records for txs per day stats
2024-02-14T12:46:43.999 application=explorer [info] tx/per day chart: earliest date 2024-02-12 00:00:00Z
2024-02-14T12:46:43.999 application=explorer [info] tx/per day chart: latest date 2024-02-12 23:59:59Z
2024-02-14T12:46:44.021 application=explorer [info] tx/per day chart: timestamp cannot be converted to min/max blocks, trying to find min/max blocks through a fallback option}
2024-02-14T12:46:44.032 application=explorer [warn] tx/per day chart: failed to get min/max blocks through a fallback option}
2024-02-14T12:46:44.032 application=explorer [info] tx/per day chart: collect records for txs per day stats
2024-02-14T12:46:44.032 application=explorer [info] tx/per day chart: earliest date 2024-02-13 00:00:00Z
2024-02-14T12:46:44.032 application=explorer [info] tx/per day chart: latest date 2024-02-13 23:59:59Z
2024-02-14T12:46:44.045 application=explorer [info] tx/per day chart: timestamp cannot be converted to min/max blocks, trying to find min/max blocks through a fallback option}
2024-02-14T12:46:44.072 application=explorer [info] tx/per day chart: min/max block numbers [9673, 16054]
2024-02-14T12:46:44.088 application=explorer [info] tx/per day chart: num of transactions 0
2024-02-14T12:46:44.105 application=explorer [info] tx/per day chart: total gas used 
2024-02-14T12:46:44.114 application=explorer [info] tx/per day chart: total fee 
2024-02-14T12:46:44.114 application=explorer [info] tx/per day chart: collect records for txs per day stats
2024-02-14T12:46:44.116 application=explorer [info] tx/per day chart: records collected [%{date: ~D[2024-02-13], gas_used: nil, number_of_transactions: 0, total_fee: nil}, %{date: ~D[2024-02-12], gas_used: 0, number_of_transactions: 0, total_fee: 0}, %{date: ~D[2024-02-11], gas_used: 0, number_of_transactions: 0, total_fee: 0}, %{date: ~D[2024-02-10], gas_used: 0, number_of_transactions: 0, total_fee: 0}, %{date: ~D[2024-02-09], gas_used: 0, number_of_transactions: 0, total_fee: 0}, %{date: ~D[2024-02-08], gas_used: 0, number_of_transactions: 0, total_fee: 0}, %{date: ~D[2024-02-07], gas_used: 0, number_of_transactions: 0, total_fee: 0}, %{date: ~D[2024-02-06], gas_used: 0, number_of_transactions: 0, total_fee: 0}, %{date: ~D[2024-02-05], gas_used: 0, number_of_transactions: 0, total_fee: 0}]
2024-02-14T12:46:44.116 application=explorer [info] tx/per day chart: save records
2024-02-14T12:46:44.130 application=explorer [info] tx/per day chart: number of inserted 10
2024-02-14T12:52:15.529 application=explorer [info] tx/per day chart: collect records for txs per day stats
2024-02-14T12:52:15.529 application=explorer [info] tx/per day chart: earliest date 2024-02-05 00:00:00Z
2024-02-14T12:52:15.529 application=explorer [info] tx/per day chart: latest date 2024-02-05 23:59:59Z
2024-02-14T12:52:15.720 application=explorer [info] tx/per day chart: timestamp cannot be converted to min/max blocks, trying to find min/max blocks through a fallback option}
2024-02-14T12:52:15.769 application=explorer [warn] tx/per day chart: failed to get min/max blocks through a fallback option}
2024-02-14T12:52:15.769 application=explorer [info] tx/per day chart: collect records for txs per day stats
2024-02-14T12:52:15.769 application=explorer [info] tx/per day chart: earliest date 2024-02-06 00:00:00Z
2024-02-14T12:52:15.769 application=explorer [info] tx/per day chart: latest date 2024-02-06 23:59:59Z
2024-02-14T12:52:15.792 application=explorer [info] tx/per day chart: timestamp cannot be converted to min/max blocks, trying to find min/max blocks through a fallback option}
2024-02-14T12:52:15.804 application=explorer [warn] tx/per day chart: failed to get min/max blocks through a fallback option}
2024-02-14T12:52:15.804 application=explorer [info] tx/per day chart: collect records for txs per day stats
2024-02-14T12:52:15.804 application=explorer [info] tx/per day chart: earliest date 2024-02-07 00:00:00Z
2024-02-14T12:52:15.804 application=explorer [info] tx/per day chart: latest date 2024-02-07 23:59:59Z
2024-02-14T12:52:15.815 application=explorer [info] tx/per day chart: timestamp cannot be converted to min/max blocks, trying to find min/max blocks through a fallback option}
2024-02-14T12:52:15.820 application=explorer [warn] tx/per day chart: failed to get min/max blocks through a fallback option}
2024-02-14T12:52:15.820 application=explorer [info] tx/per day chart: collect records for txs per day stats
2024-02-14T12:52:15.821 application=explorer [info] tx/per day chart: earliest date 2024-02-08 00:00:00Z
2024-02-14T12:52:15.821 application=explorer [info] tx/per day chart: latest date 2024-02-08 23:59:59Z
2024-02-14T12:52:15.838 application=explorer [info] tx/per day chart: timestamp cannot be converted to min/max blocks, trying to find min/max blocks through a fallback option}
2024-02-14T12:52:15.843 application=explorer [warn] tx/per day chart: failed to get min/max blocks through a fallback option}
2024-02-14T12:52:15.843 application=explorer [info] tx/per day chart: collect records for txs per day stats
2024-02-14T12:52:15.843 application=explorer [info] tx/per day chart: earliest date 2024-02-09 00:00:00Z
2024-02-14T12:52:15.844 application=explorer [info] tx/per day chart: latest date 2024-02-09 23:59:59Z
2024-02-14T12:52:15.855 application=explorer [info] tx/per day chart: timestamp cannot be converted to min/max blocks, trying to find min/max blocks through a fallback option}
2024-02-14T12:52:15.861 application=explorer [warn] tx/per day chart: failed to get min/max blocks through a fallback option}
2024-02-14T12:52:15.861 application=explorer [info] tx/per day chart: collect records for txs per day stats
2024-02-14T12:52:15.861 application=explorer [info] tx/per day chart: earliest date 2024-02-10 00:00:00Z
2024-02-14T12:52:15.861 application=explorer [info] tx/per day chart: latest date 2024-02-10 23:59:59Z
2024-02-14T12:52:15.870 application=explorer [info] tx/per day chart: timestamp cannot be converted to min/max blocks, trying to find min/max blocks through a fallback option}
2024-02-14T12:52:15.906 application=explorer [warn] tx/per day chart: failed to get min/max blocks through a fallback option}
2024-02-14T12:52:15.906 application=explorer [info] tx/per day chart: collect records for txs per day stats
2024-02-14T12:52:15.906 application=explorer [info] tx/per day chart: earliest date 2024-02-11 00:00:00Z
2024-02-14T12:52:15.906 application=explorer [info] tx/per day chart: latest date 2024-02-11 23:59:59Z
2024-02-14T12:52:15.927 application=explorer [info] tx/per day chart: timestamp cannot be converted to min/max blocks, trying to find min/max blocks through a fallback option}
2024-02-14T12:52:15.955 application=explorer [warn] tx/per day chart: failed to get min/max blocks through a fallback option}
2024-02-14T12:52:15.955 application=explorer [info] tx/per day chart: collect records for txs per day stats
2024-02-14T12:52:15.955 application=explorer [info] tx/per day chart: earliest date 2024-02-12 00:00:00Z
2024-02-14T12:52:15.955 application=explorer [info] tx/per day chart: latest date 2024-02-12 23:59:59Z
2024-02-14T12:52:15.965 application=explorer [info] tx/per day chart: timestamp cannot be converted to min/max blocks, trying to find min/max blocks through a fallback option}
2024-02-14T12:52:15.991 application=explorer [info] tx/per day chart: min/max block numbers [0, 4576]
2024-02-14T12:52:15.997 application=explorer [info] tx/per day chart: num of transactions 6
2024-02-14T12:52:16.004 application=explorer [info] tx/per day chart: total gas used 294472
2024-02-14T12:52:16.018 application=explorer [info] tx/per day chart: total fee 29447200000
2024-02-14T12:52:16.018 application=explorer [info] tx/per day chart: collect records for txs per day stats
2024-02-14T12:52:16.018 application=explorer [info] tx/per day chart: earliest date 2024-02-13 00:00:00Z
2024-02-14T12:52:16.018 application=explorer [info] tx/per day chart: latest date 2024-02-13 23:59:59Z
2024-02-14T12:52:16.040 application=explorer [info] tx/per day chart: min/max block numbers [4577, 16055]
2024-02-14T12:52:16.046 application=explorer [info] tx/per day chart: num of transactions 4
2024-02-14T12:52:16.052 application=explorer [info] tx/per day chart: total gas used 252472
2024-02-14T12:52:16.058 application=explorer [info] tx/per day chart: total fee 25247200000
2024-02-14T12:52:16.058 application=explorer [info] tx/per day chart: collect records for txs per day stats
2024-02-14T12:52:16.059 application=explorer [info] tx/per day chart: records collected [%{date: ~D[2024-02-13], gas_used: Decimal.new("252472"), number_of_transactions: 4, total_fee: Decimal.new("25247200000")}, %{date: ~D[2024-02-12], gas_used: Decimal.new("294472"), number_of_transactions: 6, total_fee: Decimal.new("29447200000")}, %{date: ~D[2024-02-11], gas_used: 0, number_of_transactions: 0, total_fee: 0}, %{date: ~D[2024-02-10], gas_used: 0, number_of_transactions: 0, total_fee: 0}, %{date: ~D[2024-02-09], gas_used: 0, number_of_transactions: 0, total_fee: 0}, %{date: ~D[2024-02-08], gas_used: 0, number_of_transactions: 0, total_fee: 0}, %{date: ~D[2024-02-07], gas_used: 0, number_of_transactions: 0, total_fee: 0}, %{date: ~D[2024-02-06], gas_used: 0, number_of_transactions: 0, total_fee: 0}, %{date: ~D[2024-02-05], gas_used: 0, number_of_transactions: 0, total_fee: 0}]
2024-02-14T12:52:16.059 application=explorer [info] tx/per day chart: save records
2024-02-14T12:52:16.065 application=explorer [info] tx/per day chart: number of inserted 10
2024-02-14T12:53:31.097 application=explorer [info] tx/per day chart: collect records for txs per day stats
2024-02-14T12:53:31.098 application=explorer [info] tx/per day chart: earliest date 2024-02-05 00:00:00Z
2024-02-14T12:53:31.099 application=explorer [info] tx/per day chart: latest date 2024-02-05 23:59:59Z
2024-02-14T12:53:31.436 application=explorer [info] tx/per day chart: timestamp cannot be converted to min/max blocks, trying to find min/max blocks through a fallback option}
2024-02-14T12:53:31.443 application=explorer [warn] tx/per day chart: failed to get min/max blocks through a fallback option}
2024-02-14T12:53:31.443 application=explorer [info] tx/per day chart: collect records for txs per day stats
2024-02-14T12:53:31.443 application=explorer [info] tx/per day chart: earliest date 2024-02-06 00:00:00Z
2024-02-14T12:53:31.446 application=explorer [info] tx/per day chart: latest date 2024-02-06 23:59:59Z
2024-02-14T12:53:31.485 application=explorer [info] tx/per day chart: timestamp cannot be converted to min/max blocks, trying to find min/max blocks through a fallback option}
2024-02-14T12:53:31.501 application=explorer [warn] tx/per day chart: failed to get min/max blocks through a fallback option}
2024-02-14T12:53:31.501 application=explorer [info] tx/per day chart: collect records for txs per day stats
2024-02-14T12:53:31.501 application=explorer [info] tx/per day chart: earliest date 2024-02-07 00:00:00Z
2024-02-14T12:53:31.501 application=explorer [info] tx/per day chart: latest date 2024-02-07 23:59:59Z
2024-02-14T12:53:31.523 application=explorer [info] tx/per day chart: timestamp cannot be converted to min/max blocks, trying to find min/max blocks through a fallback option}
2024-02-14T12:53:31.532 application=explorer [warn] tx/per day chart: failed to get min/max blocks through a fallback option}
2024-02-14T12:53:31.532 application=explorer [info] tx/per day chart: collect records for txs per day stats
2024-02-14T12:53:31.532 application=explorer [info] tx/per day chart: earliest date 2024-02-08 00:00:00Z
2024-02-14T12:53:31.532 application=explorer [info] tx/per day chart: latest date 2024-02-08 23:59:59Z
2024-02-14T12:53:31.546 application=explorer [info] tx/per day chart: timestamp cannot be converted to min/max blocks, trying to find min/max blocks through a fallback option}
2024-02-14T12:53:31.554 application=explorer [warn] tx/per day chart: failed to get min/max blocks through a fallback option}
2024-02-14T12:53:31.554 application=explorer [info] tx/per day chart: collect records for txs per day stats
2024-02-14T12:53:31.554 application=explorer [info] tx/per day chart: earliest date 2024-02-09 00:00:00Z
2024-02-14T12:53:31.554 application=explorer [info] tx/per day chart: latest date 2024-02-09 23:59:59Z
2024-02-14T12:53:31.569 application=explorer [info] tx/per day chart: timestamp cannot be converted to min/max blocks, trying to find min/max blocks through a fallback option}
2024-02-14T12:53:31.580 application=explorer [warn] tx/per day chart: failed to get min/max blocks through a fallback option}
2024-02-14T12:53:31.580 application=explorer [info] tx/per day chart: collect records for txs per day stats
2024-02-14T12:53:31.580 application=explorer [info] tx/per day chart: earliest date 2024-02-10 00:00:00Z
2024-02-14T12:53:31.580 application=explorer [info] tx/per day chart: latest date 2024-02-10 23:59:59Z
2024-02-14T12:53:31.591 application=explorer [info] tx/per day chart: timestamp cannot be converted to min/max blocks, trying to find min/max blocks through a fallback option}
2024-02-14T12:53:31.597 application=explorer [warn] tx/per day chart: failed to get min/max blocks through a fallback option}
2024-02-14T12:53:31.597 application=explorer [info] tx/per day chart: collect records for txs per day stats
2024-02-14T12:53:31.597 application=explorer [info] tx/per day chart: earliest date 2024-02-11 00:00:00Z
2024-02-14T12:53:31.597 application=explorer [info] tx/per day chart: latest date 2024-02-11 23:59:59Z
2024-02-14T12:53:31.604 application=explorer [info] tx/per day chart: timestamp cannot be converted to min/max blocks, trying to find min/max blocks through a fallback option}
2024-02-14T12:53:31.609 application=explorer [warn] tx/per day chart: failed to get min/max blocks through a fallback option}
2024-02-14T12:53:31.609 application=explorer [info] tx/per day chart: collect records for txs per day stats
2024-02-14T12:53:31.609 application=explorer [info] tx/per day chart: earliest date 2024-02-12 00:00:00Z
2024-02-14T12:53:31.609 application=explorer [info] tx/per day chart: latest date 2024-02-12 23:59:59Z
2024-02-14T12:53:31.616 application=explorer [info] tx/per day chart: timestamp cannot be converted to min/max blocks, trying to find min/max blocks through a fallback option}
2024-02-14T12:53:31.632 application=explorer [info] tx/per day chart: min/max block numbers [0, 4576]
2024-02-14T12:53:31.639 application=explorer [info] tx/per day chart: num of transactions 6
2024-02-14T12:53:31.645 application=explorer [info] tx/per day chart: total gas used 294472
2024-02-14T12:53:31.652 application=explorer [info] tx/per day chart: total fee 29447200000
2024-02-14T12:53:31.652 application=explorer [info] tx/per day chart: collect records for txs per day stats
2024-02-14T12:53:31.652 application=explorer [info] tx/per day chart: earliest date 2024-02-13 00:00:00Z
2024-02-14T12:53:31.652 application=explorer [info] tx/per day chart: latest date 2024-02-13 23:59:59Z
2024-02-14T12:53:31.668 application=explorer [info] tx/per day chart: min/max block numbers [4577, 16055]
2024-02-14T12:53:31.674 application=explorer [info] tx/per day chart: num of transactions 4
2024-02-14T12:53:31.679 application=explorer [info] tx/per day chart: total gas used 252472
2024-02-14T12:53:31.685 application=explorer [info] tx/per day chart: total fee 25247200000
2024-02-14T12:53:31.685 application=explorer [info] tx/per day chart: collect records for txs per day stats
2024-02-14T12:53:31.686 application=explorer [info] tx/per day chart: records collected [%{date: ~D[2024-02-13], gas_used: Decimal.new("252472"), number_of_transactions: 4, total_fee: Decimal.new("25247200000")}, %{date: ~D[2024-02-12], gas_used: Decimal.new("294472"), number_of_transactions: 6, total_fee: Decimal.new("29447200000")}, %{date: ~D[2024-02-11], gas_used: 0, number_of_transactions: 0, total_fee: 0}, %{date: ~D[2024-02-10], gas_used: 0, number_of_transactions: 0, total_fee: 0}, %{date: ~D[2024-02-09], gas_used: 0, number_of_transactions: 0, total_fee: 0}, %{date: ~D[2024-02-08], gas_used: 0, number_of_transactions: 0, total_fee: 0}, %{date: ~D[2024-02-07], gas_used: 0, number_of_transactions: 0, total_fee: 0}, %{date: ~D[2024-02-06], gas_used: 0, number_of_transactions: 0, total_fee: 0}, %{date: ~D[2024-02-05], gas_used: 0, number_of_transactions: 0, total_fee: 0}]
2024-02-14T12:53:31.686 application=explorer [info] tx/per day chart: save records
2024-02-14T12:53:31.693 application=explorer [info] tx/per day chart: number of inserted 10
2024-02-14T12:55:30.990 application=explorer [warn] Failed to fetch genesis data. Chain spec path is not set.
2024-02-14T12:58:22.120 application=explorer [info] tx/per day chart: collect records for txs per day stats
2024-02-14T12:58:22.120 application=explorer [info] tx/per day chart: earliest date 2024-02-05 00:00:00Z
2024-02-14T12:58:22.120 application=explorer [info] tx/per day chart: latest date 2024-02-05 23:59:59Z
2024-02-14T12:58:22.384 application=explorer [info] tx/per day chart: timestamp cannot be converted to min/max blocks, trying to find min/max blocks through a fallback option}
2024-02-14T12:58:22.393 application=explorer [warn] tx/per day chart: failed to get min/max blocks through a fallback option}
2024-02-14T12:58:22.393 application=explorer [info] tx/per day chart: collect records for txs per day stats
2024-02-14T12:58:22.393 application=explorer [info] tx/per day chart: earliest date 2024-02-06 00:00:00Z
2024-02-14T12:58:22.393 application=explorer [info] tx/per day chart: latest date 2024-02-06 23:59:59Z
2024-02-14T12:58:22.404 application=explorer [info] tx/per day chart: timestamp cannot be converted to min/max blocks, trying to find min/max blocks through a fallback option}
2024-02-14T12:58:22.411 application=explorer [warn] tx/per day chart: failed to get min/max blocks through a fallback option}
2024-02-14T12:58:22.411 application=explorer [info] tx/per day chart: collect records for txs per day stats
2024-02-14T12:58:22.412 application=explorer [info] tx/per day chart: earliest date 2024-02-07 00:00:00Z
2024-02-14T12:58:22.412 application=explorer [info] tx/per day chart: latest date 2024-02-07 23:59:59Z
2024-02-14T12:58:22.423 application=explorer [info] tx/per day chart: timestamp cannot be converted to min/max blocks, trying to find min/max blocks through a fallback option}
2024-02-14T12:58:22.434 application=explorer [warn] tx/per day chart: failed to get min/max blocks through a fallback option}
2024-02-14T12:58:22.434 application=explorer [info] tx/per day chart: collect records for txs per day stats
2024-02-14T12:58:22.434 application=explorer [info] tx/per day chart: earliest date 2024-02-08 00:00:00Z
2024-02-14T12:58:22.434 application=explorer [info] tx/per day chart: latest date 2024-02-08 23:59:59Z
2024-02-14T12:58:22.441 application=explorer [info] tx/per day chart: timestamp cannot be converted to min/max blocks, trying to find min/max blocks through a fallback option}
2024-02-14T12:58:22.450 application=explorer [warn] tx/per day chart: failed to get min/max blocks through a fallback option}
2024-02-14T12:58:22.450 application=explorer [info] tx/per day chart: collect records for txs per day stats
2024-02-14T12:58:22.450 application=explorer [info] tx/per day chart: earliest date 2024-02-09 00:00:00Z
2024-02-14T12:58:22.450 application=explorer [info] tx/per day chart: latest date 2024-02-09 23:59:59Z
2024-02-14T12:58:22.459 application=explorer [info] tx/per day chart: timestamp cannot be converted to min/max blocks, trying to find min/max blocks through a fallback option}
2024-02-14T12:58:22.466 application=explorer [warn] tx/per day chart: failed to get min/max blocks through a fallback option}
2024-02-14T12:58:22.466 application=explorer [info] tx/per day chart: collect records for txs per day stats
2024-02-14T12:58:22.466 application=explorer [info] tx/per day chart: earliest date 2024-02-10 00:00:00Z
2024-02-14T12:58:22.467 application=explorer [info] tx/per day chart: latest date 2024-02-10 23:59:59Z
2024-02-14T12:58:22.477 application=explorer [info] tx/per day chart: timestamp cannot be converted to min/max blocks, trying to find min/max blocks through a fallback option}
2024-02-14T12:58:22.483 application=explorer [warn] tx/per day chart: failed to get min/max blocks through a fallback option}
2024-02-14T12:58:22.483 application=explorer [info] tx/per day chart: collect records for txs per day stats
2024-02-14T12:58:22.484 application=explorer [info] tx/per day chart: earliest date 2024-02-11 00:00:00Z
2024-02-14T12:58:22.484 application=explorer [info] tx/per day chart: latest date 2024-02-11 23:59:59Z
2024-02-14T12:58:22.492 application=explorer [info] tx/per day chart: timestamp cannot be converted to min/max blocks, trying to find min/max blocks through a fallback option}
2024-02-14T12:58:22.505 application=explorer [warn] tx/per day chart: failed to get min/max blocks through a fallback option}
2024-02-14T12:58:22.505 application=explorer [info] tx/per day chart: collect records for txs per day stats
2024-02-14T12:58:22.506 application=explorer [info] tx/per day chart: earliest date 2024-02-12 00:00:00Z
2024-02-14T12:58:22.506 application=explorer [info] tx/per day chart: latest date 2024-02-12 23:59:59Z
2024-02-14T12:58:22.540 application=explorer [info] tx/per day chart: timestamp cannot be converted to min/max blocks, trying to find min/max blocks through a fallback option}
2024-02-14T12:58:22.561 application=explorer [info] tx/per day chart: min/max block numbers [0, 4576]
2024-02-14T12:58:22.565 application=explorer [info] tx/per day chart: num of transactions 6
2024-02-14T12:58:22.571 application=explorer [info] tx/per day chart: total gas used 294472
2024-02-14T12:58:22.581 application=explorer [info] tx/per day chart: total fee 29447200000
2024-02-14T12:58:22.581 application=explorer [info] tx/per day chart: collect records for txs per day stats
2024-02-14T12:58:22.581 application=explorer [info] tx/per day chart: earliest date 2024-02-13 00:00:00Z
2024-02-14T12:58:22.581 application=explorer [info] tx/per day chart: latest date 2024-02-13 23:59:59Z
2024-02-14T12:58:22.604 application=explorer [info] tx/per day chart: min/max block numbers [4577, 16055]
2024-02-14T12:58:22.610 application=explorer [info] tx/per day chart: num of transactions 4
2024-02-14T12:58:22.617 application=explorer [info] tx/per day chart: total gas used 252472
2024-02-14T12:58:22.623 application=explorer [info] tx/per day chart: total fee 25247200000
2024-02-14T12:58:22.623 application=explorer [info] tx/per day chart: collect records for txs per day stats
2024-02-14T12:58:22.623 application=explorer [info] tx/per day chart: records collected [%{date: ~D[2024-02-13], gas_used: Decimal.new("252472"), number_of_transactions: 4, total_fee: Decimal.new("25247200000")}, %{date: ~D[2024-02-12], gas_used: Decimal.new("294472"), number_of_transactions: 6, total_fee: Decimal.new("29447200000")}, %{date: ~D[2024-02-11], gas_used: 0, number_of_transactions: 0, total_fee: 0}, %{date: ~D[2024-02-10], gas_used: 0, number_of_transactions: 0, total_fee: 0}, %{date: ~D[2024-02-09], gas_used: 0, number_of_transactions: 0, total_fee: 0}, %{date: ~D[2024-02-08], gas_used: 0, number_of_transactions: 0, total_fee: 0}, %{date: ~D[2024-02-07], gas_used: 0, number_of_transactions: 0, total_fee: 0}, %{date: ~D[2024-02-06], gas_used: 0, number_of_transactions: 0, total_fee: 0}, %{date: ~D[2024-02-05], gas_used: 0, number_of_transactions: 0, total_fee: 0}]
2024-02-14T12:58:22.625 application=explorer [info] tx/per day chart: save records
2024-02-14T12:58:22.631 application=explorer [info] tx/per day chart: number of inserted 10
2024-02-14T13:01:26.323 application=explorer [info] tx/per day chart: collect records for txs per day stats
2024-02-14T13:01:26.323 application=explorer [info] tx/per day chart: earliest date 2024-02-05 00:00:00Z
2024-02-14T13:01:26.323 application=explorer [info] tx/per day chart: latest date 2024-02-05 23:59:59Z
2024-02-14T13:01:26.646 application=explorer [info] tx/per day chart: timestamp cannot be converted to min/max blocks, trying to find min/max blocks through a fallback option}
2024-02-14T13:01:26.672 application=explorer [warn] tx/per day chart: failed to get min/max blocks through a fallback option}
2024-02-14T13:01:26.672 application=explorer [info] tx/per day chart: collect records for txs per day stats
2024-02-14T13:01:26.672 application=explorer [info] tx/per day chart: earliest date 2024-02-06 00:00:00Z
2024-02-14T13:01:26.672 application=explorer [info] tx/per day chart: latest date 2024-02-06 23:59:59Z
2024-02-14T13:01:26.701 application=explorer [info] tx/per day chart: timestamp cannot be converted to min/max blocks, trying to find min/max blocks through a fallback option}
2024-02-14T13:01:26.708 application=explorer [warn] tx/per day chart: failed to get min/max blocks through a fallback option}
2024-02-14T13:01:26.708 application=explorer [info] tx/per day chart: collect records for txs per day stats
2024-02-14T13:01:26.709 application=explorer [info] tx/per day chart: earliest date 2024-02-07 00:00:00Z
2024-02-14T13:01:26.709 application=explorer [info] tx/per day chart: latest date 2024-02-07 23:59:59Z
2024-02-14T13:01:26.719 application=explorer [info] tx/per day chart: timestamp cannot be converted to min/max blocks, trying to find min/max blocks through a fallback option}
2024-02-14T13:01:26.735 application=explorer [warn] tx/per day chart: failed to get min/max blocks through a fallback option}
2024-02-14T13:01:26.735 application=explorer [info] tx/per day chart: collect records for txs per day stats
2024-02-14T13:01:26.735 application=explorer [info] tx/per day chart: earliest date 2024-02-08 00:00:00Z
2024-02-14T13:01:26.735 application=explorer [info] tx/per day chart: latest date 2024-02-08 23:59:59Z
2024-02-14T13:01:26.754 application=explorer [info] tx/per day chart: timestamp cannot be converted to min/max blocks, trying to find min/max blocks through a fallback option}
2024-02-14T13:01:26.763 application=explorer [warn] tx/per day chart: failed to get min/max blocks through a fallback option}
2024-02-14T13:01:26.763 application=explorer [info] tx/per day chart: collect records for txs per day stats
2024-02-14T13:01:26.763 application=explorer [info] tx/per day chart: earliest date 2024-02-09 00:00:00Z
2024-02-14T13:01:26.763 application=explorer [info] tx/per day chart: latest date 2024-02-09 23:59:59Z
2024-02-14T13:01:26.773 application=explorer [info] tx/per day chart: timestamp cannot be converted to min/max blocks, trying to find min/max blocks through a fallback option}
2024-02-14T13:01:26.778 application=explorer [warn] tx/per day chart: failed to get min/max blocks through a fallback option}
2024-02-14T13:01:26.778 application=explorer [info] tx/per day chart: collect records for txs per day stats
2024-02-14T13:01:26.778 application=explorer [info] tx/per day chart: earliest date 2024-02-10 00:00:00Z
2024-02-14T13:01:26.778 application=explorer [info] tx/per day chart: latest date 2024-02-10 23:59:59Z
2024-02-14T13:01:26.790 application=explorer [info] tx/per day chart: timestamp cannot be converted to min/max blocks, trying to find min/max blocks through a fallback option}
2024-02-14T13:01:26.797 application=explorer [warn] tx/per day chart: failed to get min/max blocks through a fallback option}
2024-02-14T13:01:26.797 application=explorer [info] tx/per day chart: collect records for txs per day stats
2024-02-14T13:01:26.797 application=explorer [info] tx/per day chart: earliest date 2024-02-11 00:00:00Z
2024-02-14T13:01:26.797 application=explorer [info] tx/per day chart: latest date 2024-02-11 23:59:59Z
2024-02-14T13:01:26.812 application=explorer [info] tx/per day chart: timestamp cannot be converted to min/max blocks, trying to find min/max blocks through a fallback option}
2024-02-14T13:01:26.820 application=explorer [warn] tx/per day chart: failed to get min/max blocks through a fallback option}
2024-02-14T13:01:26.820 application=explorer [info] tx/per day chart: collect records for txs per day stats
2024-02-14T13:01:26.821 application=explorer [info] tx/per day chart: earliest date 2024-02-12 00:00:00Z
2024-02-14T13:01:26.821 application=explorer [info] tx/per day chart: latest date 2024-02-12 23:59:59Z
2024-02-14T13:01:26.849 application=explorer [info] tx/per day chart: timestamp cannot be converted to min/max blocks, trying to find min/max blocks through a fallback option}
2024-02-14T13:01:26.884 application=explorer [info] tx/per day chart: min/max block numbers [0, 4576]
2024-02-14T13:01:26.891 application=explorer [info] tx/per day chart: num of transactions 6
2024-02-14T13:01:26.900 application=explorer [info] tx/per day chart: total gas used 294472
2024-02-14T13:01:26.908 application=explorer [info] tx/per day chart: total fee 29447200000
2024-02-14T13:01:26.908 application=explorer [info] tx/per day chart: collect records for txs per day stats
2024-02-14T13:01:26.908 application=explorer [info] tx/per day chart: earliest date 2024-02-13 00:00:00Z
2024-02-14T13:01:26.908 application=explorer [info] tx/per day chart: latest date 2024-02-13 23:59:59Z
2024-02-14T13:01:26.923 application=explorer [info] tx/per day chart: min/max block numbers [4577, 16055]
2024-02-14T13:01:26.930 application=explorer [info] tx/per day chart: num of transactions 4
2024-02-14T13:01:26.936 application=explorer [info] tx/per day chart: total gas used 252472
2024-02-14T13:01:26.941 application=explorer [info] tx/per day chart: total fee 25247200000
2024-02-14T13:01:26.941 application=explorer [info] tx/per day chart: collect records for txs per day stats
2024-02-14T13:01:26.942 application=explorer [info] tx/per day chart: records collected [%{date: ~D[2024-02-13], gas_used: Decimal.new("252472"), number_of_transactions: 4, total_fee: Decimal.new("25247200000")}, %{date: ~D[2024-02-12], gas_used: Decimal.new("294472"), number_of_transactions: 6, total_fee: Decimal.new("29447200000")}, %{date: ~D[2024-02-11], gas_used: 0, number_of_transactions: 0, total_fee: 0}, %{date: ~D[2024-02-10], gas_used: 0, number_of_transactions: 0, total_fee: 0}, %{date: ~D[2024-02-09], gas_used: 0, number_of_transactions: 0, total_fee: 0}, %{date: ~D[2024-02-08], gas_used: 0, number_of_transactions: 0, total_fee: 0}, %{date: ~D[2024-02-07], gas_used: 0, number_of_transactions: 0, total_fee: 0}, %{date: ~D[2024-02-06], gas_used: 0, number_of_transactions: 0, total_fee: 0}, %{date: ~D[2024-02-05], gas_used: 0, number_of_transactions: 0, total_fee: 0}]
2024-02-14T13:01:26.942 application=explorer [info] tx/per day chart: save records
2024-02-14T13:01:26.951 application=explorer [info] tx/per day chart: number of inserted 10
2024-02-14T13:03:26.288 application=explorer [warn] Failed to fetch genesis data. Chain spec path is not set.
